<?xml version="1.0" encoding="UTF-8"?>
<!-- Generated by org.testng.reporters.JUnitXMLReporter -->
<testsuite ignored="0" hostname="Sudheer-Dell" failures="0" tests="4" name="Test" time="26.927" errors="0" timestamp="2024-01-08T18:56:55 IST">
  <testcase classname="testscripts.MyFirstTestFW" name="simpleFormValidation" time="2.7"/>
  <testcase classname="testscripts.MyFirstTestFW" name="simpleFormValidation" time="2.655"/>
  <testcase classname="testscripts.MyFirstTestFW" name="simpleFormValidation" time="2.624"/>
  <testcase classname="testscripts.MyFirstTestFW" name="simpleFormValidation" time="5.885"/>
</testsuite> <!-- Test -->
