<?xml version="1.0" encoding="UTF-8"?>
<testng-results ignored="0" total="4" passed="4" failed="0" skipped="0">
  <reporter-output>
  </reporter-output>
  <suite started-at="2024-01-08T16:38:31 IST" name="Suite" finished-at="2024-01-08T16:38:55 IST" duration-ms="24053">
    <groups>
    </groups>
    <test started-at="2024-01-08T16:38:31 IST" name="Test" finished-at="2024-01-08T16:38:55 IST" duration-ms="24053">
      <class name="testscripts.MyFirstTestFW">
        <test-method is-config="true" signature="setUp()[pri:0, instance:testscripts.MyFirstTestFW@2cb4893b]" started-at="2024-01-08T16:38:32 IST" name="setUp" finished-at="2024-01-08T16:38:34 IST" duration-ms="2355" status="PASS">
          <reporter-output>
          </reporter-output>
        </test-method> <!-- setUp -->
        <test-method signature="simpleFormValidation(java.lang.String,java.lang.String,java.lang.String)[pri:0, instance:testscripts.MyFirstTestFW@2cb4893b]" started-at="2024-01-08T16:38:34 IST" name="simpleFormValidation" data-provider="data" finished-at="2024-01-08T16:38:39 IST" duration-ms="4581" status="PASS">
          <params>
            <param index="0">
              <value>
                <![CDATA[Creating FW!]]>
              </value>
            </param>
            <param index="1">
              <value>
                <![CDATA[45]]>
              </value>
            </param>
            <param index="2">
              <value>
                <![CDATA[54]]>
              </value>
            </param>
          </params>
          <reporter-output>
          </reporter-output>
        </test-method> <!-- simpleFormValidation -->
        <test-method is-config="true" signature="tearDown()[pri:0, instance:testscripts.MyFirstTestFW@2cb4893b]" started-at="2024-01-08T16:38:39 IST" name="tearDown" finished-at="2024-01-08T16:38:39 IST" duration-ms="195" status="PASS">
          <reporter-output>
          </reporter-output>
        </test-method> <!-- tearDown -->
        <test-method is-config="true" signature="setUp()[pri:0, instance:testscripts.MyFirstTestFW@2cb4893b]" started-at="2024-01-08T16:38:39 IST" name="setUp" finished-at="2024-01-08T16:38:42 IST" duration-ms="3062" status="PASS">
          <reporter-output>
          </reporter-output>
        </test-method> <!-- setUp -->
        <test-method signature="simpleFormValidation(java.lang.String,java.lang.String,java.lang.String)[pri:0, instance:testscripts.MyFirstTestFW@2cb4893b]" started-at="2024-01-08T16:38:42 IST" name="simpleFormValidation" data-provider="data" finished-at="2024-01-08T16:38:44 IST" duration-ms="2647" status="PASS">
          <params>
            <param index="0">
              <value>
                <![CDATA[Now Validating FW!]]>
              </value>
            </param>
            <param index="1">
              <value>
                <![CDATA[23]]>
              </value>
            </param>
            <param index="2">
              <value>
                <![CDATA[32]]>
              </value>
            </param>
          </params>
          <reporter-output>
          </reporter-output>
        </test-method> <!-- simpleFormValidation -->
        <test-method is-config="true" signature="tearDown()[pri:0, instance:testscripts.MyFirstTestFW@2cb4893b]" started-at="2024-01-08T16:38:44 IST" name="tearDown" finished-at="2024-01-08T16:38:45 IST" duration-ms="99" status="PASS">
          <reporter-output>
          </reporter-output>
        </test-method> <!-- tearDown -->
        <test-method is-config="true" signature="setUp()[pri:0, instance:testscripts.MyFirstTestFW@2cb4893b]" started-at="2024-01-08T16:38:45 IST" name="setUp" finished-at="2024-01-08T16:38:47 IST" duration-ms="2254" status="PASS">
          <reporter-output>
          </reporter-output>
        </test-method> <!-- setUp -->
        <test-method signature="simpleFormValidation(java.lang.String,java.lang.String,java.lang.String)[pri:0, instance:testscripts.MyFirstTestFW@2cb4893b]" started-at="2024-01-08T16:38:47 IST" name="simpleFormValidation" data-provider="data" finished-at="2024-01-08T16:38:49 IST" duration-ms="2665" status="PASS">
          <params>
            <param index="0">
              <value>
                <![CDATA[Done FW!]]>
              </value>
            </param>
            <param index="1">
              <value>
                <![CDATA[4]]>
              </value>
            </param>
            <param index="2">
              <value>
                <![CDATA[16]]>
              </value>
            </param>
          </params>
          <reporter-output>
          </reporter-output>
        </test-method> <!-- simpleFormValidation -->
        <test-method is-config="true" signature="tearDown()[pri:0, instance:testscripts.MyFirstTestFW@2cb4893b]" started-at="2024-01-08T16:38:49 IST" name="tearDown" finished-at="2024-01-08T16:38:50 IST" duration-ms="88" status="PASS">
          <reporter-output>
          </reporter-output>
        </test-method> <!-- tearDown -->
        <test-method is-config="true" signature="setUp()[pri:0, instance:testscripts.MyFirstTestFW@2cb4893b]" started-at="2024-01-08T16:38:50 IST" name="setUp" finished-at="2024-01-08T16:38:52 IST" duration-ms="2211" status="PASS">
          <reporter-output>
          </reporter-output>
        </test-method> <!-- setUp -->
        <test-method signature="simpleFormValidation(java.lang.String,java.lang.String,java.lang.String)[pri:0, instance:testscripts.MyFirstTestFW@2cb4893b]" started-at="2024-01-08T16:38:52 IST" name="simpleFormValidation" data-provider="data" finished-at="2024-01-08T16:38:54 IST" duration-ms="2702" status="PASS">
          <params>
            <param index="0">
              <value>
                <![CDATA[Happy for Test Data]]>
              </value>
            </param>
            <param index="1">
              <value>
                <![CDATA[-4]]>
              </value>
            </param>
            <param index="2">
              <value>
                <![CDATA[9]]>
              </value>
            </param>
          </params>
          <reporter-output>
          </reporter-output>
        </test-method> <!-- simpleFormValidation -->
        <test-method is-config="true" signature="tearDown()[pri:0, instance:testscripts.MyFirstTestFW@2cb4893b]" started-at="2024-01-08T16:38:54 IST" name="tearDown" finished-at="2024-01-08T16:38:55 IST" duration-ms="160" status="PASS">
          <reporter-output>
          </reporter-output>
        </test-method> <!-- tearDown -->
      </class> <!-- testscripts.MyFirstTestFW -->
    </test> <!-- Test -->
  </suite> <!-- Suite -->
</testng-results>
