<?xml version="1.0" encoding="UTF-8"?>
<testsuite xmlns:xsi="http://www.w3.org/2001/XMLSchema-instance" xsi:noNamespaceSchemaLocation="https://maven.apache.org/surefire/maven-surefire-plugin/xsd/surefire-test-report-3.0.xsd" version="3.0" name="TestSuite" time="27.467" tests="4" errors="0" skipped="0" failures="0">
  <properties>
[...]
</properties>
  <testcase name="simpleFormValidation[Creating FW!, 45, 54](1)" classname="testscripts.MyFirstTestFW" time="2.702">
    <system-out><![CDATA[4
3
Creating FW!
45
54
Now Validating FW!
23
32
Done FW!
4
16
Happy for Test Data
-4
9
99
]]></system-out>
    <system-err><![CDATA[[main] INFO io.github.bonigarcia.wdm.WebDriverManager - Using chromedriver 120.0.6099.109 (resolved driver for Chrome 120)
[main] INFO io.github.bonigarcia.wdm.WebDriverManager - Exporting webdriver.chrome.driver as C:\Users\sudhe\.cache\selenium\chromedriver\win64\120.0.6099.109\chromedriver.exe
]]></system-err>
  </testcase>
  <testcase name="simpleFormValidation[Now Validating FW!, 23, 32](2)" classname="testscripts.MyFirstTestFW" time="2.655">
    <system-out><![CDATA[tear down complete
55
]]></system-out>
    <system-err><![CDATA[[main] INFO io.github.bonigarcia.wdm.WebDriverManager - Using chromedriver 120.0.6099.109 (resolved driver for Chrome 120)
[main] INFO io.github.bonigarcia.wdm.WebDriverManager - Exporting webdriver.chrome.driver as C:\Users\sudhe\.cache\selenium\chromedriver\win64\120.0.6099.109\chromedriver.exe
]]></system-err>
  </testcase>
  <testcase name="simpleFormValidation[Done FW!, 4, 16](3)" classname="testscripts.MyFirstTestFW" time="2.624">
    <system-out><![CDATA[tear down complete
20
]]></system-out>
    <system-err><![CDATA[[main] INFO io.github.bonigarcia.wdm.WebDriverManager - Using chromedriver 120.0.6099.109 (resolved driver for Chrome 120)
[main] INFO io.github.bonigarcia.wdm.WebDriverManager - Exporting webdriver.chrome.driver as C:\Users\sudhe\.cache\selenium\chromedriver\win64\120.0.6099.109\chromedriver.exe
]]></system-err>
  </testcase>
  <testcase name="simpleFormValidation[Happy for Test Data, -4, 9](4)" classname="testscripts.MyFirstTestFW" time="5.885">
    <system-out><![CDATA[tear down complete
5
]]></system-out>
    <system-err><![CDATA[Jan 08, 2024 6:56:48 PM org.openqa.selenium.remote.http.WebSocket$Listener onError
WARNING: Connection reset
java.net.SocketException: Connection reset
	at java.base/sun.nio.ch.SocketChannelImpl.throwConnectionReset(SocketChannelImpl.java:394)
	at java.base/sun.nio.ch.SocketChannelImpl.read(SocketChannelImpl.java:426)
	at java.net.http/jdk.internal.net.http.SocketTube.readAvailable(SocketTube.java:1170)
	at java.net.http/jdk.internal.net.http.SocketTube$InternalReadPublisher$InternalReadSubscription.read(SocketTube.java:833)
	at java.net.http/jdk.internal.net.http.SocketTube$SocketFlowTask.run(SocketTube.java:181)
	at java.net.http/jdk.internal.net.http.common.SequentialScheduler$SchedulableTask.run(SequentialScheduler.java:230)
	at java.net.http/jdk.internal.net.http.common.SequentialScheduler.runOrSchedule(SequentialScheduler.java:303)
	at java.net.http/jdk.internal.net.http.common.SequentialScheduler.runOrSchedule(SequentialScheduler.java:256)
	at java.net.http/jdk.internal.net.http.SocketTube$InternalReadPublisher$InternalReadSubscription.signalReadable(SocketTube.java:774)
	at java.net.http/jdk.internal.net.http.SocketTube$InternalReadPublisher$ReadEvent.signalEvent(SocketTube.java:957)
	at java.net.http/jdk.internal.net.http.SocketTube$SocketFlowEvent.handle(SocketTube.java:253)
	at java.net.http/jdk.internal.net.http.HttpClientImpl$SelectorManager.handleEvent(HttpClientImpl.java:979)
	at java.net.http/jdk.internal.net.http.HttpClientImpl$SelectorManager.lambda$run$3(HttpClientImpl.java:934)
	at java.base/java.util.ArrayList.forEach(ArrayList.java:1511)
	at java.net.http/jdk.internal.net.http.HttpClientImpl$SelectorManager.run(HttpClientImpl.java:934)

[main] INFO io.github.bonigarcia.wdm.WebDriverManager - Using chromedriver 120.0.6099.109 (resolved driver for Chrome 120)
[main] INFO io.github.bonigarcia.wdm.WebDriverManager - Exporting webdriver.chrome.driver as C:\Users\sudhe\.cache\selenium\chromedriver\win64\120.0.6099.109\chromedriver.exe
]]></system-err>
  </testcase>
</testsuite>