<?xml version="1.0" encoding="UTF-8"?>
<!-- Generated by org.testng.reporters.JUnitXMLReporter -->
<testsuite ignored="0" hostname="Sudheer-Dell" failures="0" tests="4" name="Test" time="24.053" errors="0" timestamp="2024-01-08T16:38:55 IST">
  <testcase classname="testscripts.MyFirstTestFW" name="simpleFormValidation" time="4.581"/>
  <testcase classname="testscripts.MyFirstTestFW" name="simpleFormValidation" time="2.647"/>
  <testcase classname="testscripts.MyFirstTestFW" name="simpleFormValidation" time="2.665"/>
  <testcase classname="testscripts.MyFirstTestFW" name="simpleFormValidation" time="2.702"/>
</testsuite> <!-- Test -->
